<?xml version="1.0" encoding="UTF-8"?>
<!-- Generated by org.testng.reporters.JUnitXMLReporter -->
<testsuite ignored="1" hostname="LOVELESH" failures="0" tests="4" name="Default test" time="0.055" errors="0" timestamp="06 Mar 2024 11:27:21 GMT">
  <testcase classname="test.Day3" name="MobileLoginCarLoan" time="0.01"/>
  <testcase classname="test.Day3" name="WebLoginCarLoan" time="0.002"/>
  <testcase classname="test.Day3" name="MobileLogOutCarLoan" time="0.006"/>
  <testcase classname="test.Day3" name="LoginAPICarLoan" time="0.003"/>
  <testcase classname="test.Day3" name="MobileSigninCarLoan" time="0.0">
    <ignored/>
  </testcase> <!-- MobileSigninCarLoan -->
</testsuite> <!-- Default test -->
