<?xml version="1.0" encoding="UTF-8"?>
<!-- Generated by org.testng.reporters.JUnitXMLReporter -->
<testsuite ignored="1" hostname="LOVELESH" failures="0" tests="2" name="Car Loan" time="0.011" errors="0" timestamp="06 Mar 2024 10:04:27 GMT">
  <testcase classname="test.Day3" name="LoginAPICarLoan" time="0.002"/>
  <testcase classname="test.Day3" name="WebLoginCarLoan" time="0.002"/>
  <testcase classname="test.Day3" name="MobileLoginCarLoan" time="0.0">
    <ignored/>
  </testcase> <!-- MobileLoginCarLoan -->
</testsuite> <!-- Car Loan -->
