<?xml version="1.0" encoding="UTF-8"?>
<!-- Generated by org.testng.reporters.JUnitXMLReporter -->
<testsuite ignored="1" hostname="LOVELESH" failures="0" tests="5" name="Personal Loan" time="0.045" errors="0" timestamp="06 Mar 2024 10:04:26 GMT">
  <testcase classname="test.Day1" name="test1" time="0.009"/>
  <testcase classname="test.Day2" name="test1" time="0.003"/>
  <testcase classname="test.Day4" name="LoginAPIHomeLoan" time="0.001"/>
  <testcase classname="test.Day4" name="MobileLoginHomeLoan" time="0.0"/>
  <testcase classname="test.Day4" name="WebLoginHomeLoan" time="0.007"/>
  <testcase classname="test.Day1" name="test2" time="0.0">
    <ignored/>
  </testcase> <!-- test2 -->
</testsuite> <!-- Personal Loan -->
