<?xml version="1.0" encoding="UTF-8"?>
<!-- Generated by org.testng.reporters.JUnitXMLReporter -->
<testsuite ignored="2" hostname="LOVELESH" failures="0" tests="5" name="Car Loan" time="0.22" errors="0" timestamp="07 Mar 2024 06:54:31 GMT">
  <testcase classname="test.Day3" name="MobileLogOutCarLoan" time="0.019"/>
  <testcase classname="test.Day3" name="MobileLoginCarLoan" time="0.014"/>
  <testcase classname="test.Day3" name="MobileLoginCarLoan" time="0.021"/>
  <testcase classname="test.Day3" name="MobileLoginCarLoan" time="0.01"/>
  <testcase classname="test.Day3" name="WebLoginCarLoan" time="0.048"/>
  <testcase classname="test.Day3" name="LoginAPICarLoan" time="0.0">
    <ignored/>
  </testcase> <!-- LoginAPICarLoan -->
  <testcase classname="test.Day3" name="MobileSigninCarLoan" time="0.0">
    <ignored/>
  </testcase> <!-- MobileSigninCarLoan -->
</testsuite> <!-- Car Loan -->
