<?xml version="1.0" encoding="UTF-8"?>
<!-- Generated by org.testng.reporters.JUnitXMLReporter -->
<testsuite ignored="7" hostname="LOVELESH" failures="0" tests="4" name="Regression" time="0.082" errors="0" timestamp="06 Mar 2024 11:08:58 GMT">
  <testcase classname="test.Day1" name="test2" time="0.02"/>
  <testcase classname="test.Day2" name="test1" time="0.006"/>
  <testcase classname="test.Day3" name="LoginAPICarLoan" time="0.005"/>
  <testcase classname="test.Day4" name="LoginAPIHomeLoan" time="0.005"/>
  <testcase classname="test.Day4" name="MobileLoginHomeLoan" time="0.0">
    <ignored/>
  </testcase> <!-- MobileLoginHomeLoan -->
  <testcase classname="test.Day3" name="MobileLogOutCarLoan" time="0.0">
    <ignored/>
  </testcase> <!-- MobileLogOutCarLoan -->
  <testcase classname="test.Day3" name="MobileLoginCarLoan" time="0.0">
    <ignored/>
  </testcase> <!-- MobileLoginCarLoan -->
  <testcase classname="test.Day3" name="MobileSigninCarLoan" time="0.0">
    <ignored/>
  </testcase> <!-- MobileSigninCarLoan -->
  <testcase classname="test.Day1" name="test1" time="0.0">
    <ignored/>
  </testcase> <!-- test1 -->
  <testcase classname="test.Day3" name="WebLoginCarLoan" time="0.0">
    <ignored/>
  </testcase> <!-- WebLoginCarLoan -->
  <testcase classname="test.Day4" name="WebLoginHomeLoan" time="0.0">
    <ignored/>
  </testcase> <!-- WebLoginHomeLoan -->
</testsuite> <!-- Regression -->
