<?xml version="1.0" encoding="UTF-8"?>
<testng-results ignored="5" total="13" passed="7" failed="1" skipped="0">
  <reporter-output>
  </reporter-output>
  <suite started-at="2024-03-07T06:54:31Z" name="Loan Department" finished-at="2024-03-07T06:54:31Z" duration-ms="222">
    <groups>
      <group name="Smoke">
        <method signature="Day2.test1()[pri:0, instance:test.Day2@2cbb3d47]" name="test1" class="test.Day2"/>
        <method signature="Day3.MobileLogOutCarLoan()[pri:0, instance:test.Day3@4c1d9d4b]" name="MobileLogOutCarLoan" class="test.Day3"/>
      </group> <!-- Smoke -->
    </groups>
    <test started-at="2024-03-07T06:54:31Z" name="Car Loan" finished-at="2024-03-07T06:54:31Z" duration-ms="220">
      <class name="test.Day3">
        <test-method is-config="true" signature="beforesuite()[pri:0, instance:test.Day3@4c1d9d4b]" started-at="2024-03-07T12:24:31Z" name="beforesuite" finished-at="2024-03-07T12:24:31Z" duration-ms="13" status="PASS">
          <reporter-output>
          </reporter-output>
        </test-method> <!-- beforesuite -->
        <test-method is-config="true" signature="beforeClass()[pri:0, instance:test.Day3@4c1d9d4b]" started-at="2024-03-07T12:24:31Z" name="beforeClass" finished-at="2024-03-07T12:24:31Z" duration-ms="1" status="PASS">
          <reporter-output>
          </reporter-output>
        </test-method> <!-- beforeClass -->
        <test-method is-config="true" signature="beforeMethod()[pri:0, instance:test.Day3@4c1d9d4b]" started-at="2024-03-07T12:24:31Z" name="beforeMethod" finished-at="2024-03-07T12:24:31Z" duration-ms="1" status="PASS">
          <reporter-output>
          </reporter-output>
        </test-method> <!-- beforeMethod -->
        <test-method signature="MobileLogOutCarLoan()[pri:0, instance:test.Day3@4c1d9d4b]" started-at="2024-03-07T12:24:31Z" name="MobileLogOutCarLoan" finished-at="2024-03-07T12:24:31Z" duration-ms="19" status="PASS">
          <reporter-output>
          </reporter-output>
        </test-method> <!-- MobileLogOutCarLoan -->
        <test-method is-config="true" signature="afterMethod()[pri:0, instance:test.Day3@4c1d9d4b]" started-at="2024-03-07T12:24:31Z" name="afterMethod" finished-at="2024-03-07T12:24:31Z" duration-ms="1" status="PASS">
          <reporter-output>
          </reporter-output>
        </test-method> <!-- afterMethod -->
        <test-method is-config="true" signature="beforeMethod()[pri:0, instance:test.Day3@4c1d9d4b]" started-at="2024-03-07T12:24:31Z" name="beforeMethod" finished-at="2024-03-07T12:24:31Z" duration-ms="0" status="PASS">
          <reporter-output>
          </reporter-output>
        </test-method> <!-- beforeMethod -->
        <test-method signature="MobileLoginCarLoan(java.lang.String, java.lang.String)[pri:0, instance:test.Day3@4c1d9d4b]" started-at="2024-03-07T12:24:31Z" name="MobileLoginCarLoan" data-provider="getData" finished-at="2024-03-07T12:24:31Z" duration-ms="14" status="PASS">
          <params>
            <param index="0">
              <value>
                <![CDATA[username1]]>
              </value>
            </param>
            <param index="1">
              <value>
                <![CDATA[password1]]>
              </value>
            </param>
          </params>
          <reporter-output>
          </reporter-output>
        </test-method> <!-- MobileLoginCarLoan -->
        <test-method is-config="true" signature="afterMethod()[pri:0, instance:test.Day3@4c1d9d4b]" started-at="2024-03-07T12:24:31Z" name="afterMethod" finished-at="2024-03-07T12:24:31Z" duration-ms="2" status="PASS">
          <reporter-output>
          </reporter-output>
        </test-method> <!-- afterMethod -->
        <test-method is-config="true" signature="beforeMethod()[pri:0, instance:test.Day3@4c1d9d4b]" started-at="2024-03-07T12:24:31Z" name="beforeMethod" finished-at="2024-03-07T12:24:31Z" duration-ms="7" status="PASS">
          <reporter-output>
          </reporter-output>
        </test-method> <!-- beforeMethod -->
        <test-method signature="MobileLoginCarLoan(java.lang.String, java.lang.String)[pri:0, instance:test.Day3@4c1d9d4b]" started-at="2024-03-07T12:24:31Z" name="MobileLoginCarLoan" data-provider="getData" finished-at="2024-03-07T12:24:31Z" duration-ms="21" status="PASS">
          <params>
            <param index="0">
              <value>
                <![CDATA[username2]]>
              </value>
            </param>
            <param index="1">
              <value>
                <![CDATA[password2]]>
              </value>
            </param>
          </params>
          <reporter-output>
          </reporter-output>
        </test-method> <!-- MobileLoginCarLoan -->
        <test-method is-config="true" signature="afterMethod()[pri:0, instance:test.Day3@4c1d9d4b]" started-at="2024-03-07T12:24:31Z" name="afterMethod" finished-at="2024-03-07T12:24:31Z" duration-ms="1" status="PASS">
          <reporter-output>
          </reporter-output>
        </test-method> <!-- afterMethod -->
        <test-method is-config="true" signature="beforeMethod()[pri:0, instance:test.Day3@4c1d9d4b]" started-at="2024-03-07T12:24:31Z" name="beforeMethod" finished-at="2024-03-07T12:24:31Z" duration-ms="6" status="PASS">
          <reporter-output>
          </reporter-output>
        </test-method> <!-- beforeMethod -->
        <test-method signature="MobileLoginCarLoan(java.lang.String, java.lang.String)[pri:0, instance:test.Day3@4c1d9d4b]" started-at="2024-03-07T12:24:31Z" name="MobileLoginCarLoan" data-provider="getData" finished-at="2024-03-07T12:24:31Z" duration-ms="10" status="PASS">
          <params>
            <param index="0">
              <value>
                <![CDATA[username3]]>
              </value>
            </param>
            <param index="1">
              <value>
                <![CDATA[password3]]>
              </value>
            </param>
          </params>
          <reporter-output>
          </reporter-output>
        </test-method> <!-- MobileLoginCarLoan -->
        <test-method is-config="true" signature="afterMethod()[pri:0, instance:test.Day3@4c1d9d4b]" started-at="2024-03-07T12:24:31Z" name="afterMethod" finished-at="2024-03-07T12:24:31Z" duration-ms="3" status="PASS">
          <reporter-output>
          </reporter-output>
        </test-method> <!-- afterMethod -->
        <test-method is-config="true" signature="beforeMethod()[pri:0, instance:test.Day3@4c1d9d4b]" started-at="2024-03-07T12:24:31Z" name="beforeMethod" finished-at="2024-03-07T12:24:31Z" duration-ms="0" status="PASS">
          <reporter-output>
          </reporter-output>
        </test-method> <!-- beforeMethod -->
        <test-method signature="WebLoginCarLoan(java.lang.String, java.lang.String)[pri:0, instance:test.Day3@4c1d9d4b]" started-at="2024-03-07T12:24:31Z" name="WebLoginCarLoan" finished-at="2024-03-07T12:24:31Z" duration-ms="48" status="PASS">
          <params>
            <param index="0">
              <value>
                <![CDATA[www.CarLoan.com]]>
              </value>
            </param>
            <param index="1">
              <value>
                <![CDATA[123456]]>
              </value>
            </param>
          </params>
          <reporter-output>
          </reporter-output>
        </test-method> <!-- WebLoginCarLoan -->
        <test-method is-config="true" signature="afterMethod()[pri:0, instance:test.Day3@4c1d9d4b]" started-at="2024-03-07T12:24:31Z" name="afterMethod" finished-at="2024-03-07T12:24:31Z" duration-ms="1" status="PASS">
          <reporter-output>
          </reporter-output>
        </test-method> <!-- afterMethod -->
        <test-method is-config="true" signature="afterClass()[pri:0, instance:test.Day3@4c1d9d4b]" started-at="2024-03-07T12:24:31Z" name="afterClass" finished-at="2024-03-07T12:24:31Z" duration-ms="1" status="PASS">
          <reporter-output>
          </reporter-output>
        </test-method> <!-- afterClass -->
      </class> <!-- test.Day3 -->
      <class name="test.Day4">
        <test-method is-config="true" signature="afterSuite()[pri:0, instance:test.Day4@7ff95560]" started-at="2024-03-07T12:24:31Z" name="afterSuite" finished-at="2024-03-07T12:24:31Z" duration-ms="2" status="PASS">
          <reporter-output>
          </reporter-output>
        </test-method> <!-- afterSuite -->
      </class> <!-- test.Day4 -->
    </test> <!-- Car Loan -->
    <test started-at="2024-03-07T06:54:31Z" name="Personal Loan" finished-at="2024-03-07T06:54:31Z" duration-ms="108">
      <class name="test.Day1">
        <test-method signature="test1()[pri:0, instance:test.Day1@1198b989]" started-at="2024-03-07T12:24:31Z" name="test1" finished-at="2024-03-07T12:24:31Z" duration-ms="20" status="FAIL">
          <exception class="java.lang.AssertionError">
            <message>
              <![CDATA[expected [true] but found [false]]]>
            </message>
            <full-stacktrace>
              <![CDATA[java.lang.AssertionError: expected [true] but found [false]
	at org.testng.Assert.fail(Assert.java:93)
	at org.testng.Assert.failNotEquals(Assert.java:512)
	at org.testng.Assert.assertTrue(Assert.java:41)
	at org.testng.Assert.assertTrue(Assert.java:51)
	at test.Day1.test1(Day1.java:17)
	at java.base/jdk.internal.reflect.DirectMethodHandleAccessor.invoke(DirectMethodHandleAccessor.java:103)
	at java.base/java.lang.reflect.Method.invoke(Method.java:580)
	at org.testng.internal.MethodInvocationHelper.invokeMethod(MethodInvocationHelper.java:108)
	at org.testng.internal.Invoker.invokeMethod(Invoker.java:661)
	at org.testng.internal.Invoker.invokeTestMethod(Invoker.java:869)
	at org.testng.internal.Invoker.invokeTestMethods(Invoker.java:1193)
	at org.testng.internal.TestMethodWorker.invokeTestMethods(TestMethodWorker.java:126)
	at org.testng.internal.TestMethodWorker.run(TestMethodWorker.java:109)
	at org.testng.TestRunner.privateRun(TestRunner.java:744)
	at org.testng.TestRunner.run(TestRunner.java:602)
	at org.testng.SuiteRunner.runTest(SuiteRunner.java:380)
	at org.testng.SuiteRunner.access$000(SuiteRunner.java:39)
	at org.testng.SuiteRunner$SuiteWorker.run(SuiteRunner.java:414)
	at org.testng.internal.thread.ThreadUtil$1.call(ThreadUtil.java:52)
	at java.base/java.util.concurrent.FutureTask.run(FutureTask.java:317)
	at java.base/java.util.concurrent.ThreadPoolExecutor.runWorker(ThreadPoolExecutor.java:1144)
	at java.base/java.util.concurrent.ThreadPoolExecutor$Worker.run(ThreadPoolExecutor.java:642)
	at java.base/java.lang.Thread.run(Thread.java:1583)
]]>
            </full-stacktrace>
          </exception> <!-- java.lang.AssertionError -->
          <reporter-output>
          </reporter-output>
        </test-method> <!-- test1 -->
        <test-method is-config="true" signature="afterTest()[pri:0, instance:test.Day1@1198b989]" started-at="2024-03-07T12:24:31Z" name="afterTest" finished-at="2024-03-07T12:24:31Z" duration-ms="2" status="PASS">
          <reporter-output>
          </reporter-output>
        </test-method> <!-- afterTest -->
      </class> <!-- test.Day1 -->
      <class name="test.Day2">
        <test-method is-config="true" signature="test2()[pri:0, instance:test.Day2@2cbb3d47]" started-at="2024-03-07T12:24:31Z" name="test2" finished-at="2024-03-07T12:24:31Z" duration-ms="3" status="PASS">
          <reporter-output>
          </reporter-output>
        </test-method> <!-- test2 -->
        <test-method signature="test1()[pri:0, instance:test.Day2@2cbb3d47]" started-at="2024-03-07T12:24:31Z" name="test1" finished-at="2024-03-07T12:24:31Z" duration-ms="11" status="PASS">
          <reporter-output>
          </reporter-output>
        </test-method> <!-- test1 -->
      </class> <!-- test.Day2 -->
      <class name="test.Day4">
        <test-method signature="MobileLoginHomeLoan(java.lang.String)[pri:0, instance:test.Day4@7ff95560]" started-at="2024-03-07T12:24:31Z" name="MobileLoginHomeLoan" finished-at="2024-03-07T12:24:31Z" duration-ms="10" status="PASS">
          <params>
            <param index="0">
              <value>
                <![CDATA[www.HomeLoan.com]]>
              </value>
            </param>
          </params>
          <reporter-output>
          </reporter-output>
        </test-method> <!-- MobileLoginHomeLoan -->
      </class> <!-- test.Day4 -->
    </test> <!-- Personal Loan -->
  </suite> <!-- Loan Department -->
</testng-results>
